{"type":"server-started","port":57862,"host":"127.0.0.1","url_host":"localhost","url":"http://localhost:57862","screen_dir":"/Users/omarbitar/otherRepos/vpsLanding/.superpowers/brainstorm/38789-1784315144/content","state_dir":"/Users/omarbitar/otherRepos/vpsLanding/.superpowers/brainstorm/38789-1784315144/state"}
{"type":"screen-added","file":"/Users/omarbitar/otherRepos/vpsLanding/.superpowers/brainstorm/38789-1784315144/content/visual-style.html"}
{"source":"user-event","type":"click","text":"Warm & Homey\n      Soft colors, rounded corners, friendly fonts. Feels like a family photo album.\n      \n        warm tones\n        rounded\n        friendly","choice":"warm","id":null,"timestamp":1784315241479}
{"source":"user-event","type":"click","text":"Clean & Modern\n      Sleek, minimal, professional. App-like feel with smooth transitions.\n      \n        minimal\n        sleek\n        modern","choice":"modern","id":null,"timestamp":1784315242410}
{"source":"user-event","type":"click","text":"Bold & Playful\n      Bright colors, big icons, fun animations. Stands out and feels energetic.\n      \n        colorful\n        playful\n        bold","choice":"bold","id":null,"timestamp":1784315243295}
{"source":"user-event","type":"click","text":"Warm & Homey\n      Soft colors, rounded corners, friendly fonts. Feels like a family photo album.\n      \n        warm tones\n        rounded\n        friendly","choice":"warm","id":null,"timestamp":1784315252436}
{"source":"user-event","type":"click","text":"Warm & Homey\n      Soft colors, rounded corners, friendly fonts. Feels like a family photo album.\n      \n        warm tones\n        rounded\n        friendly","choice":"warm","id":null,"timestamp":1784315263208}
{"source":"user-event","type":"click","text":"Warm & Homey\n      Soft colors, rounded corners, friendly fonts. Feels like a family photo album.\n      \n        warm tones\n        rounded\n        friendly","choice":"warm","id":null,"timestamp":1784315263399}
{"source":"user-event","type":"click","text":"Warm & Homey\n      Soft colors, rounded corners, friendly fonts. Feels like a family photo album.\n      \n        warm tones\n        rounded\n        friendly","choice":"warm","id":null,"timestamp":1784315264640}
{"source":"user-event","type":"click","text":"Warm & Homey\n      Soft colors, rounded corners, friendly fonts. Feels like a family photo album.\n      \n        warm tones\n        rounded\n        friendly","choice":"warm","id":null,"timestamp":1784315264828}
{"source":"user-event","type":"click","text":"Warm & Homey\n      Soft colors, rounded corners, friendly fonts. Feels like a family photo album.\n      \n        warm tones\n        rounded\n        friendly","choice":"warm","id":null,"timestamp":1784315265299}
{"type":"screen-added","file":"/Users/omarbitar/otherRepos/vpsLanding/.superpowers/brainstorm/38789-1784315144/content/layout.html"}
{"source":"user-event","type":"click","text":"Grid of Cards\n      2-column grid with icon + label on each card. Clean, tiled look — familiar like phone home screen icons.\n      \n        2 columns\n        icon + label\n        app-like","choice":"grid","id":null,"timestamp":1784315290711}
{"source":"user-event","type":"click","text":"Grid of Cards\n      2-column grid with icon + label on each card. Clean, tiled look — familiar like phone home screen icons.\n      \n        2 columns\n        icon + label\n        app-like","choice":"grid","id":null,"timestamp":1784315295203}
{"source":"user-event","type":"click","text":"Grid of Cards\n      2-column grid with icon + label on each card. Clean, tiled look — familiar like phone home screen icons.\n      \n        2 columns\n        icon + label\n        app-like","choice":"grid","id":null,"timestamp":1784315295384}
{"source":"user-event","type":"click","text":"Grid of Cards\n      2-column grid with icon + label on each card. Clean, tiled look — familiar like phone home screen icons.\n      \n        2 columns\n        icon + label\n        app-like","choice":"grid","id":null,"timestamp":1784315295586}
{"type":"screen-added","file":"/Users/omarbitar/otherRepos/vpsLanding/.superpowers/brainstorm/38789-1784315144/content/header.html"}
{"source":"user-event","type":"click","text":"Minimal Bar\n      Just a small top bar with the app name. Maximum space for the tools grid. Cleanest option.\n      \n        \n          \n            ✦ Bitar Family","choice":"minimal","id":null,"timestamp":1784315421762}
{"source":"user-event","type":"click","text":"Minimal Bar\n      Just a small top bar with the app name. Maximum space for the tools grid. Cleanest option.\n      \n        \n          \n            ✦ Bitar Family","choice":"minimal","id":null,"timestamp":1784315422602}
{"source":"user-event","type":"click","text":"Minimal Bar\n      Just a small top bar with the app name. Maximum space for the tools grid. Cleanest option.\n      \n        \n          \n            ✦ Bitar Family","choice":"minimal","id":null,"timestamp":1784315422814}
{"source":"user-event","type":"click","text":"Minimal Bar\n      Just a small top bar with the app name. Maximum space for the tools grid. Cleanest option.\n      \n        \n          \n            ✦ Bitar Family","choice":"minimal","id":null,"timestamp":1784315423157}
{"source":"user-event","type":"click","text":"Minimal Bar\n      Just a small top bar with the app name. Maximum space for the tools grid. Cleanest option.\n      \n        \n          \n            ✦ Bitar Family","choice":"minimal","id":null,"timestamp":1784315424680}
{"source":"user-event","type":"click","text":"Minimal Bar\n      Just a small top bar with the app name. Maximum space for the tools grid. Cleanest option.\n      \n        \n          \n            ✦ Bitar Family","choice":"minimal","id":null,"timestamp":1784315424882}
{"source":"user-event","type":"click","text":"Minimal Bar\n      Just a small top bar with the app name. Maximum space for the tools grid. Cleanest option.\n      \n        \n          \n            ✦ Bitar Family","choice":"minimal","id":null,"timestamp":1784315425145}
{"type":"screen-added","file":"/Users/omarbitar/otherRepos/vpsLanding/.superpowers/brainstorm/38789-1784315144/content/descriptions.html"}
{"source":"user-event","type":"click","text":"Icons + Names + Descriptions\n      Each card shows an icon, the tool name, and a one-line description. Helpful for non-technical family members.\n      \n        \n          📝\n          \n            Excalidraw\n            Whiteboard & diagrams","choice":"with-desc","id":null,"timestamp":1784315446206}
{"source":"user-event","type":"click","text":"Icons + Names + Descriptions\n      Each card shows an icon, the tool name, and a one-line description. Helpful for non-technical family members.\n      \n        \n          📝\n          \n            Excalidraw\n            Whiteboard & diagrams","choice":"with-desc","id":null,"timestamp":1784315446969}
{"source":"user-event","type":"click","text":"Icons + Names + Descriptions\n      Each card shows an icon, the tool name, and a one-line description. Helpful for non-technical family members.\n      \n        \n          📝\n          \n            Excalidraw\n            Whiteboard & diagrams","choice":"with-desc","id":null,"timestamp":1784315447160}
{"source":"user-event","type":"click","text":"Icons + Names + Descriptions\n      Each card shows an icon, the tool name, and a one-line description. Helpful for non-technical family members.\n      \n        \n          📝\n          \n            Excalidraw\n            Whiteboard & diagrams","choice":"with-desc","id":null,"timestamp":1784315447347}
{"type":"screen-added","file":"/Users/omarbitar/otherRepos/vpsLanding/.superpowers/brainstorm/38789-1784315144/content/waiting.html"}
{"type":"screen-added","file":"/Users/omarbitar/otherRepos/vpsLanding/.superpowers/brainstorm/38789-1784315144/content/descriptions-v2.html"}
{"type":"screen-added","file":"/Users/omarbitar/otherRepos/vpsLanding/.superpowers/brainstorm/38789-1784315144/content/brand-icons.html"}
{"type":"server-stopped","reason":"idle timeout"}
